<?xml version="1.0" encoding="UTF-8"?>
<!-- Generated by org.testng.reporters.JUnitReportReporter -->
<testsuite hostname="Fallal" failures="0" tests="3" name="com.spacetest.demoblaze.tests.ContactModalTest" time="19.140" errors="0" timestamp="2025-11-10T22:11:25 EET" skipped="0">
  <testcase classname="com.spacetest.demoblaze.tests.ContactModalTest" name="testContactModalUI" time="5.314"/>
  <testcase classname="com.spacetest.demoblaze.tests.ContactModalTest" name="testValidContactForm" time="8.707"/>
  <testcase classname="com.spacetest.demoblaze.tests.ContactModalTest" name="testCloseButton" time="5.119"/>
</testsuite> <!-- com.spacetest.demoblaze.tests.ContactModalTest -->
