<?xml version="1.0" encoding="UTF-8"?>
<!-- Generated by org.testng.reporters.JUnitReportReporter -->
<testsuite hostname="Fallal" failures="0" tests="9" name="com.spacetest.demoblaze.tests.RestfulBookerFullTests" time="10.795" errors="0" timestamp="2025-11-10T22:11:25 EET" skipped="0">
  <testcase classname="com.spacetest.demoblaze.tests.RestfulBookerFullTests" name="testPing" time="2.080"/>
  <testcase classname="com.spacetest.demoblaze.tests.RestfulBookerFullTests" name="testAuthenticate" time="1.940"/>
  <testcase classname="com.spacetest.demoblaze.tests.RestfulBookerFullTests" name="testCreateBooking" time="1.870"/>
  <testcase classname="com.spacetest.demoblaze.tests.RestfulBookerFullTests" name="testGetCreatedBooking" time="0.754"/>
  <testcase classname="com.spacetest.demoblaze.tests.RestfulBookerFullTests" name="testUpdateBookingPut" time="1.208"/>
  <testcase classname="com.spacetest.demoblaze.tests.RestfulBookerFullTests" name="testPartialUpdateBookingPatch" time="0.751"/>
  <testcase classname="com.spacetest.demoblaze.tests.RestfulBookerFullTests" name="testDeleteBooking" time="0.753"/>
  <testcase classname="com.spacetest.demoblaze.tests.RestfulBookerFullTests" name="testVerifyBookingDeleted" time="0.720"/>
  <testcase classname="com.spacetest.demoblaze.tests.RestfulBookerFullTests" name="testGetNonExistentBooking" time="0.719"/>
</testsuite> <!-- com.spacetest.demoblaze.tests.RestfulBookerFullTests -->
