<?xml version="1.0" encoding="UTF-8"?>
<!-- Generated by org.testng.reporters.JUnitReportReporter -->
<testsuite hostname="Fallal" failures="0" tests="4" name="com.spacetest.demoblaze.tests.AboutUsModalTest" time="21.907" errors="0" timestamp="2025-11-10T22:11:25 EET" skipped="0">
  <testcase classname="com.spacetest.demoblaze.tests.AboutUsModalTest" name="testVideoPlayback" time="5.345"/>
  <testcase classname="com.spacetest.demoblaze.tests.AboutUsModalTest" name="testCloseIcon" time="5.900"/>
  <testcase classname="com.spacetest.demoblaze.tests.AboutUsModalTest" name="testCloseButton" time="5.721"/>
  <testcase classname="com.spacetest.demoblaze.tests.AboutUsModalTest" name="testAboutUsModalUI" time="4.941"/>
</testsuite> <!-- com.spacetest.demoblaze.tests.AboutUsModalTest -->
