<?xml version="1.0" encoding="UTF-8"?>
<!-- Generated by org.testng.reporters.JUnitReportReporter -->
<testsuite hostname="Fallal" failures="0" tests="7" name="com.spacetest.demoblaze.tests.NavigationBarTest" time="37.578" errors="0" timestamp="2025-11-10T22:11:25 EET" skipped="0">
  <testcase classname="com.spacetest.demoblaze.tests.NavigationBarTest" name="testHomeLink" time="4.625"/>
  <testcase classname="com.spacetest.demoblaze.tests.NavigationBarTest" name="testAboutUsLink" time="5.088"/>
  <testcase classname="com.spacetest.demoblaze.tests.NavigationBarTest" name="testContactLink" time="4.932"/>
  <testcase classname="com.spacetest.demoblaze.tests.NavigationBarTest" name="testLoginLink" time="4.412"/>
  <testcase classname="com.spacetest.demoblaze.tests.NavigationBarTest" name="testCartLink" time="7.970"/>
  <testcase classname="com.spacetest.demoblaze.tests.NavigationBarTest" name="testSignupLink" time="5.099"/>
  <testcase classname="com.spacetest.demoblaze.tests.NavigationBarTest" name="testLogoLink" time="5.452"/>
</testsuite> <!-- com.spacetest.demoblaze.tests.NavigationBarTest -->
