<?xml version="1.0" encoding="UTF-8"?>
<!-- Generated by org.testng.reporters.JUnitReportReporter -->
<testsuite hostname="Fallal" failures="0" tests="2" name="com.spacetest.demoblaze.tests.ProductSliderTest" time="15.135" errors="0" timestamp="2025-11-10T22:11:25 EET" skipped="0">
  <testcase classname="com.spacetest.demoblaze.tests.ProductSliderTest" name="testCarouselAutoSlide" time="8.997"/>
  <testcase classname="com.spacetest.demoblaze.tests.ProductSliderTest" name="testCarouselArrowNavigation" time="6.138"/>
</testsuite> <!-- com.spacetest.demoblaze.tests.ProductSliderTest -->
