<?xml version="1.0" encoding="UTF-8"?>
<!-- Generated by org.testng.reporters.JUnitReportReporter -->
<testsuite hostname="Fallal" failures="0" tests="5" name="com.spacetest.demoblaze.tests.ProductPageTest" time="36.993" errors="0" timestamp="2025-11-10T22:11:25 EET" skipped="0">
  <testcase classname="com.spacetest.demoblaze.tests.ProductPageTest" name="testProductDetailsAreCorrect" time="6.054"/>
  <testcase classname="com.spacetest.demoblaze.tests.ProductPageTest" name="testNavToHomeFromProductPage" time="6.337"/>
  <testcase classname="com.spacetest.demoblaze.tests.ProductPageTest" name="testAddToCart" time="8.286"/>
  <testcase classname="com.spacetest.demoblaze.tests.ProductPageTest" name="testProductPageRefresh" time="6.424"/>
  <testcase classname="com.spacetest.demoblaze.tests.ProductPageTest" name="testNavBetweenProducts" time="9.892"/>
</testsuite> <!-- com.spacetest.demoblaze.tests.ProductPageTest -->
