<?xml version="1.0" encoding="UTF-8"?>
<!-- Generated by org.testng.reporters.JUnitReportReporter -->
<testsuite hostname="Fallal" failures="0" tests="7" name="com.spacetest.demoblaze.tests.PlaceOrderTest" time="86.728" errors="0" timestamp="2025-11-10T22:11:25 EET" skipped="0">
  <testcase classname="com.spacetest.demoblaze.tests.PlaceOrderTest" name="testValidOrder" time="11.374"/>
  <testcase classname="com.spacetest.demoblaze.tests.PlaceOrderTest" name="testInvalidOrderEmptyFields" time="8.226"/>
  <testcase classname="com.spacetest.demoblaze.tests.PlaceOrderTest" name="testCartIsEmptyAfterOrder" time="20.978"/>
  <testcase classname="com.spacetest.demoblaze.tests.PlaceOrderTest" name="testMultipleOrders" time="18.950"/>
  <testcase classname="com.spacetest.demoblaze.tests.PlaceOrderTest" name="testCloseButtonOnPlaceOrderModal" time="9.994"/>
  <testcase classname="com.spacetest.demoblaze.tests.PlaceOrderTest" name="testOrderWithEmptyCart" time="5.276"/>
  <testcase classname="com.spacetest.demoblaze.tests.PlaceOrderTest" name="testPurchaseConfirmationDetails" time="11.930"/>
</testsuite> <!-- com.spacetest.demoblaze.tests.PlaceOrderTest -->
