<?xml version="1.0" encoding="UTF-8"?>
<!-- Generated by org.testng.reporters.JUnitXMLReporter -->
<testsuite ignored="0" hostname="Fallal" failures="0" tests="12" name="Surefire test" time="50.385" errors="0" timestamp="2025-10-25T20:03:55 EEST">
  <testcase classname="com.spacetest.demoblaze.tests.CategoryMenuTest" name="testCategoryProducts" time="1.801"/>
  <testcase classname="com.spacetest.demoblaze.tests.CategoryMenuTest" name="testCategoryProducts" time="1.757"/>
  <testcase classname="com.spacetest.demoblaze.tests.CategoryMenuTest" name="testCategoryProducts" time="1.704"/>
  <testcase classname="com.spacetest.demoblaze.tests.NavigationBarTest" name="testAboutUsLink" time="0.726"/>
  <testcase classname="com.spacetest.demoblaze.tests.NavigationBarTest" name="testCartLink" time="0.615"/>
  <testcase classname="com.spacetest.demoblaze.tests.NavigationBarTest" name="testContactLink" time="0.698"/>
  <testcase classname="com.spacetest.demoblaze.tests.NavigationBarTest" name="testHomeLink" time="0.44"/>
  <testcase classname="com.spacetest.demoblaze.tests.NavigationBarTest" name="testLoginLink" time="0.689"/>
  <testcase classname="com.spacetest.demoblaze.tests.NavigationBarTest" name="testLogoLink" time="0.37"/>
  <testcase classname="com.spacetest.demoblaze.tests.NavigationBarTest" name="testSignupLink" time="0.677"/>
  <testcase classname="com.spacetest.demoblaze.tests.ProductSliderTest" name="testCarouselArrowNavigation" time="2.273"/>
  <testcase classname="com.spacetest.demoblaze.tests.ProductSliderTest" name="testCarouselAutoSlide" time="5.728"/>
</testsuite> <!-- Surefire test -->
