<?xml version="1.0" encoding="UTF-8"?>
<testsuite xmlns:xsi="http://www.w3.org/2001/XMLSchema-instance" xsi:noNamespaceSchemaLocation="https://maven.apache.org/surefire/maven-surefire-plugin/xsd/surefire-test-report-3.0.xsd" version="3.0" name="TestSuite" time="508.734" tests="77" errors="0" skipped="0" failures="4">
  <properties>
[...]
</properties>
  <testcase name="testAboutUsModalUI" classname="com.spacetest.demoblaze.tests.AboutUsModalTest" time="1.741">
    <system-err><![CDATA[Nov 10, 2025 10:02:59 PM org.openqa.selenium.devtools.CdpVersionFinder findNearestMatch
WARNING: Unable to find an exact match for CDP version 142, returning the closest version; found: 141; Please update to a Selenium version that supports CDP version 142
]]></system-err>
  </testcase>
  <testcase name="testCloseButton" classname="com.spacetest.demoblaze.tests.AboutUsModalTest" time="1.453">
    <system-err><![CDATA[Nov 10, 2025 10:03:04 PM org.openqa.selenium.devtools.CdpVersionFinder findNearestMatch
WARNING: Unable to find an exact match for CDP version 142, returning the closest version; found: 141; Please update to a Selenium version that supports CDP version 142
]]></system-err>
  </testcase>
  <testcase name="testCloseIcon" classname="com.spacetest.demoblaze.tests.AboutUsModalTest" time="1.434">
    <system-err><![CDATA[Nov 10, 2025 10:03:10 PM org.openqa.selenium.devtools.CdpVersionFinder findNearestMatch
WARNING: Unable to find an exact match for CDP version 142, returning the closest version; found: 141; Please update to a Selenium version that supports CDP version 142
]]></system-err>
  </testcase>
  <testcase name="testVideoPlayback" classname="com.spacetest.demoblaze.tests.AboutUsModalTest" time="1.751">
    <system-err><![CDATA[Nov 10, 2025 10:03:15 PM org.openqa.selenium.devtools.CdpVersionFinder findNearestMatch
WARNING: Unable to find an exact match for CDP version 142, returning the closest version; found: 141; Please update to a Selenium version that supports CDP version 142
]]></system-err>
  </testcase>
  <testcase name="testCartLayoutOnMobile" classname="com.spacetest.demoblaze.tests.CartPageTest" time="1.567">
    <system-err><![CDATA[Nov 10, 2025 10:03:20 PM org.openqa.selenium.devtools.CdpVersionFinder findNearestMatch
WARNING: Unable to find an exact match for CDP version 142, returning the closest version; found: 141; Please update to a Selenium version that supports CDP version 142
]]></system-err>
  </testcase>
  <testcase name="testCartPageNavigation" classname="com.spacetest.demoblaze.tests.CartPageTest" time="0.845">
    <system-err><![CDATA[Nov 10, 2025 10:03:26 PM org.openqa.selenium.devtools.CdpVersionFinder findNearestMatch
WARNING: Unable to find an exact match for CDP version 142, returning the closest version; found: 141; Please update to a Selenium version that supports CDP version 142
]]></system-err>
  </testcase>
  <testcase name="testCartPersistenceAfterLogin" classname="com.spacetest.demoblaze.tests.CartPageTest" time="13.688">
    <system-err><![CDATA[Nov 10, 2025 10:03:30 PM org.openqa.selenium.devtools.CdpVersionFinder findNearestMatch
WARNING: Unable to find an exact match for CDP version 142, returning the closest version; found: 141; Please update to a Selenium version that supports CDP version 142
]]></system-err>
  </testcase>
  <testcase name="testCartPersistenceAfterRefresh" classname="com.spacetest.demoblaze.tests.CartPageTest" time="8.024">
    <system-err><![CDATA[Nov 10, 2025 10:03:47 PM org.openqa.selenium.devtools.CdpVersionFinder findNearestMatch
WARNING: Unable to find an exact match for CDP version 142, returning the closest version; found: 141; Please update to a Selenium version that supports CDP version 142
]]></system-err>
  </testcase>
  <testcase name="testCurrencyConsistency" classname="com.spacetest.demoblaze.tests.CartPageTest" time="6.883">
    <failure message="The following asserts failed:&#10;	Currency symbol missing in cart. expected [true] but found [false],&#10;	Price in cart does not match price on homepage. expected [$360] but found [360]" type="java.lang.AssertionError"><![CDATA[java.lang.AssertionError: 
The following asserts failed:
	Currency symbol missing in cart. expected [true] but found [false],
	Price in cart does not match price on homepage. expected [$360] but found [360]
	at org.testng.asserts.SoftAssert.assertAll(SoftAssert.java:46)
	at org.testng.asserts.SoftAssert.assertAll(SoftAssert.java:30)
	at com.spacetest.demoblaze.tests.CartPageTest.testCurrencyConsistency(CartPageTest.java:178)
	at java.base/jdk.internal.reflect.DirectMethodHandleAccessor.invoke(DirectMethodHandleAccessor.java:104)
	at java.base/java.lang.reflect.Method.invoke(Method.java:565)
	at org.testng.internal.invokers.MethodInvocationHelper.invokeMethod(MethodInvocationHelper.java:141)
	at org.testng.internal.invokers.TestInvoker.invokeMethod(TestInvoker.java:687)
	at org.testng.internal.invokers.TestInvoker.invokeTestMethod(TestInvoker.java:230)
	at org.testng.internal.invokers.MethodRunner.runInSequence(MethodRunner.java:63)
	at org.testng.internal.invokers.TestInvoker$MethodInvocationAgent.invoke(TestInvoker.java:995)
	at org.testng.internal.invokers.TestInvoker.invokeTestMethods(TestInvoker.java:203)
	at org.testng.internal.invokers.TestMethodWorker.invokeTestMethods(TestMethodWorker.java:154)
	at org.testng.internal.invokers.TestMethodWorker.run(TestMethodWorker.java:134)
	at java.base/java.util.ArrayList.forEach(ArrayList.java:1604)
	at org.testng.TestRunner.privateRun(TestRunner.java:741)
	at org.testng.TestRunner.run(TestRunner.java:616)
	at org.testng.SuiteRunner.runTest(SuiteRunner.java:421)
	at org.testng.SuiteRunner.runSequentially(SuiteRunner.java:413)
	at org.testng.SuiteRunner.privateRun(SuiteRunner.java:373)
	at org.testng.SuiteRunner.run(SuiteRunner.java:312)
	at org.testng.SuiteRunnerWorker.runSuite(SuiteRunnerWorker.java:52)
	at org.testng.SuiteRunnerWorker.run(SuiteRunnerWorker.java:95)
	at org.testng.TestNG.runSuitesSequentially(TestNG.java:1274)
	at org.testng.TestNG.runSuitesLocally(TestNG.java:1208)
	at org.testng.TestNG.runSuites(TestNG.java:1112)
	at org.testng.TestNG.run(TestNG.java:1079)
	at org.apache.maven.surefire.testng.TestNGExecutor.run(TestNGExecutor.java:308)
	at org.apache.maven.surefire.testng.TestNGXmlTestSuite.execute(TestNGXmlTestSuite.java:71)
	at org.apache.maven.surefire.testng.TestNGProvider.invoke(TestNGProvider.java:113)
	at org.apache.maven.surefire.booter.ForkedBooter.runSuitesInProcess(ForkedBooter.java:385)
	at org.apache.maven.surefire.booter.ForkedBooter.execute(ForkedBooter.java:162)
	at org.apache.maven.surefire.booter.ForkedBooter.run(ForkedBooter.java:507)
	at org.apache.maven.surefire.booter.ForkedBooter.main(ForkedBooter.java:495)
]]></failure>
    <system-err><![CDATA[Nov 10, 2025 10:03:59 PM org.openqa.selenium.devtools.CdpVersionFinder findNearestMatch
WARNING: Unable to find an exact match for CDP version 142, returning the closest version; found: 141; Please update to a Selenium version that supports CDP version 142
]]></system-err>
  </testcase>
  <testcase name="testDuplicateProductAdd" classname="com.spacetest.demoblaze.tests.CartPageTest" time="9.891">
    <system-err><![CDATA[Nov 10, 2025 10:04:09 PM org.openqa.selenium.devtools.CdpVersionFinder findNearestMatch
WARNING: Unable to find an exact match for CDP version 142, returning the closest version; found: 141; Please update to a Selenium version that supports CDP version 142
]]></system-err>
  </testcase>
  <testcase name="testNavHomeFromCart" classname="com.spacetest.demoblaze.tests.CartPageTest" time="1.333">
    <system-err><![CDATA[Nov 10, 2025 10:04:23 PM org.openqa.selenium.devtools.CdpVersionFinder findNearestMatch
WARNING: Unable to find an exact match for CDP version 142, returning the closest version; found: 141; Please update to a Selenium version that supports CDP version 142
]]></system-err>
  </testcase>
  <testcase name="testProductDetailsAndTotal" classname="com.spacetest.demoblaze.tests.CartPageTest" time="7.52">
    <system-err><![CDATA[Nov 10, 2025 10:04:28 PM org.openqa.selenium.devtools.CdpVersionFinder findNearestMatch
WARNING: Unable to find an exact match for CDP version 142, returning the closest version; found: 141; Please update to a Selenium version that supports CDP version 142
]]></system-err>
  </testcase>
  <testcase name="testRemovingProduct" classname="com.spacetest.demoblaze.tests.CartPageTest" time="17.902">
    <system-err><![CDATA[Nov 10, 2025 10:04:38 PM org.openqa.selenium.devtools.CdpVersionFinder findNearestMatch
WARNING: Unable to find an exact match for CDP version 142, returning the closest version; found: 141; Please update to a Selenium version that supports CDP version 142
]]></system-err>
  </testcase>
  <testcase name="testAllProductDetailsArePresent" classname="com.spacetest.demoblaze.tests.CategoryMenuTest" time="2.714">
    <system-err><![CDATA[Nov 10, 2025 10:04:59 PM org.openqa.selenium.devtools.CdpVersionFinder findNearestMatch
WARNING: Unable to find an exact match for CDP version 142, returning the closest version; found: 141; Please update to a Selenium version that supports CDP version 142
]]></system-err>
  </testcase>
  <testcase name="testCategoryProducts[Phones, Samsung galaxy s6](1)" classname="com.spacetest.demoblaze.tests.CategoryMenuTest" time="1.896">
    <system-out><![CDATA[Testing category: Phones
Found products: [Samsung galaxy s6, Nokia lumia 1520, Nexus 6, Samsung galaxy s7, Iphone 6 32gb, Sony xperia z5, HTC One M9]
]]></system-out>
    <system-err><![CDATA[Nov 10, 2025 10:05:05 PM org.openqa.selenium.devtools.CdpVersionFinder findNearestMatch
WARNING: Unable to find an exact match for CDP version 142, returning the closest version; found: 141; Please update to a Selenium version that supports CDP version 142
]]></system-err>
  </testcase>
  <testcase name="testCategoryProducts[Laptops, Sony vaio i5](2)" classname="com.spacetest.demoblaze.tests.CategoryMenuTest" time="2.403">
    <system-out><![CDATA[Testing category: Laptops
Found products: [Sony vaio i5, Sony vaio i7, MacBook air, Dell i7 8gb, 2017 Dell 15.6 Inch, MacBook Pro]
]]></system-out>
    <system-err><![CDATA[Nov 10, 2025 10:05:11 PM org.openqa.selenium.devtools.CdpVersionFinder findNearestMatch
WARNING: Unable to find an exact match for CDP version 142, returning the closest version; found: 141; Please update to a Selenium version that supports CDP version 142
]]></system-err>
  </testcase>
  <testcase name="testCategoryProducts[Monitors, Apple monitor 24](3)" classname="com.spacetest.demoblaze.tests.CategoryMenuTest" time="0.789">
    <system-out><![CDATA[Testing category: Monitors
Found products: [Apple monitor 24, ASUS Full HD]
]]></system-out>
    <system-err><![CDATA[Nov 10, 2025 10:05:17 PM org.openqa.selenium.devtools.CdpVersionFinder findNearestMatch
WARNING: Unable to find an exact match for CDP version 142, returning the closest version; found: 141; Please update to a Selenium version that supports CDP version 142
]]></system-err>
  </testcase>
  <testcase name="testClickProductImageNavigates" classname="com.spacetest.demoblaze.tests.CategoryMenuTest" time="3.497">
    <system-err><![CDATA[Nov 10, 2025 10:05:22 PM org.openqa.selenium.devtools.CdpVersionFinder findNearestMatch
WARNING: Unable to find an exact match for CDP version 142, returning the closest version; found: 141; Please update to a Selenium version that supports CDP version 142
]]></system-err>
  </testcase>
  <testcase name="testPaginationNavigation" classname="com.spacetest.demoblaze.tests.CategoryMenuTest" time="2.849">
    <failure message="Product list after clicking &apos;Previous&apos; does not match the original Page 1 list.: Lists differ at element [0]: Nokia lumia 1520 != Samsung galaxy s6 expected [Nokia lumia 1520] but found [Samsung galaxy s6]" type="java.lang.AssertionError"><![CDATA[java.lang.AssertionError: Product list after clicking 'Previous' does not match the original Page 1 list.: Lists differ at element [0]: Nokia lumia 1520 != Samsung galaxy s6 expected [Nokia lumia 1520] but found [Samsung galaxy s6]
	at org.testng.Assert.fail(Assert.java:111)
	at org.testng.Assert.failNotEquals(Assert.java:1590)
	at org.testng.Assert.assertEqualsImpl(Assert.java:150)
	at org.testng.Assert.assertEquals(Assert.java:1656)
	at com.spacetest.demoblaze.tests.CategoryMenuTest.testPaginationNavigation(CategoryMenuTest.java:143)
	at java.base/jdk.internal.reflect.DirectMethodHandleAccessor.invoke(DirectMethodHandleAccessor.java:104)
	at java.base/java.lang.reflect.Method.invoke(Method.java:565)
	at org.testng.internal.invokers.MethodInvocationHelper.invokeMethod(MethodInvocationHelper.java:141)
	at org.testng.internal.invokers.TestInvoker.invokeMethod(TestInvoker.java:687)
	at org.testng.internal.invokers.TestInvoker.invokeTestMethod(TestInvoker.java:230)
	at org.testng.internal.invokers.MethodRunner.runInSequence(MethodRunner.java:63)
	at org.testng.internal.invokers.TestInvoker$MethodInvocationAgent.invoke(TestInvoker.java:995)
	at org.testng.internal.invokers.TestInvoker.invokeTestMethods(TestInvoker.java:203)
	at org.testng.internal.invokers.TestMethodWorker.invokeTestMethods(TestMethodWorker.java:154)
	at org.testng.internal.invokers.TestMethodWorker.run(TestMethodWorker.java:134)
	at java.base/java.util.ArrayList.forEach(ArrayList.java:1604)
	at org.testng.TestRunner.privateRun(TestRunner.java:741)
	at org.testng.TestRunner.run(TestRunner.java:616)
	at org.testng.SuiteRunner.runTest(SuiteRunner.java:421)
	at org.testng.SuiteRunner.runSequentially(SuiteRunner.java:413)
	at org.testng.SuiteRunner.privateRun(SuiteRunner.java:373)
	at org.testng.SuiteRunner.run(SuiteRunner.java:312)
	at org.testng.SuiteRunnerWorker.runSuite(SuiteRunnerWorker.java:52)
	at org.testng.SuiteRunnerWorker.run(SuiteRunnerWorker.java:95)
	at org.testng.TestNG.runSuitesSequentially(TestNG.java:1274)
	at org.testng.TestNG.runSuitesLocally(TestNG.java:1208)
	at org.testng.TestNG.runSuites(TestNG.java:1112)
	at org.testng.TestNG.run(TestNG.java:1079)
	at org.apache.maven.surefire.testng.TestNGExecutor.run(TestNGExecutor.java:308)
	at org.apache.maven.surefire.testng.TestNGXmlTestSuite.execute(TestNGXmlTestSuite.java:71)
	at org.apache.maven.surefire.testng.TestNGProvider.invoke(TestNGProvider.java:113)
	at org.apache.maven.surefire.booter.ForkedBooter.runSuitesInProcess(ForkedBooter.java:385)
	at org.apache.maven.surefire.booter.ForkedBooter.execute(ForkedBooter.java:162)
	at org.apache.maven.surefire.booter.ForkedBooter.run(ForkedBooter.java:507)
	at org.apache.maven.surefire.booter.ForkedBooter.main(ForkedBooter.java:495)
]]></failure>
    <system-err><![CDATA[Nov 10, 2025 10:05:29 PM org.openqa.selenium.devtools.CdpVersionFinder findNearestMatch
WARNING: Unable to find an exact match for CDP version 142, returning the closest version; found: 141; Please update to a Selenium version that supports CDP version 142
]]></system-err>
  </testcase>
  <testcase name="testPrevButtonHiddenOnFirstPage" classname="com.spacetest.demoblaze.tests.CategoryMenuTest" time="0.109">
    <failure message="&apos;Previous&apos; button IS visible on the first page. expected [false] but found [true]" type="java.lang.AssertionError"><![CDATA[java.lang.AssertionError: 'Previous' button IS visible on the first page. expected [false] but found [true]
	at org.testng.Assert.fail(Assert.java:111)
	at org.testng.Assert.failNotEquals(Assert.java:1590)
	at org.testng.Assert.assertFalse(Assert.java:79)
	at com.spacetest.demoblaze.tests.CategoryMenuTest.testPrevButtonHiddenOnFirstPage(CategoryMenuTest.java:105)
	at java.base/jdk.internal.reflect.DirectMethodHandleAccessor.invoke(DirectMethodHandleAccessor.java:104)
	at java.base/java.lang.reflect.Method.invoke(Method.java:565)
	at org.testng.internal.invokers.MethodInvocationHelper.invokeMethod(MethodInvocationHelper.java:141)
	at org.testng.internal.invokers.TestInvoker.invokeMethod(TestInvoker.java:687)
	at org.testng.internal.invokers.TestInvoker.invokeTestMethod(TestInvoker.java:230)
	at org.testng.internal.invokers.MethodRunner.runInSequence(MethodRunner.java:63)
	at org.testng.internal.invokers.TestInvoker$MethodInvocationAgent.invoke(TestInvoker.java:995)
	at org.testng.internal.invokers.TestInvoker.invokeTestMethods(TestInvoker.java:203)
	at org.testng.internal.invokers.TestMethodWorker.invokeTestMethods(TestMethodWorker.java:154)
	at org.testng.internal.invokers.TestMethodWorker.run(TestMethodWorker.java:134)
	at java.base/java.util.ArrayList.forEach(ArrayList.java:1604)
	at org.testng.TestRunner.privateRun(TestRunner.java:741)
	at org.testng.TestRunner.run(TestRunner.java:616)
	at org.testng.SuiteRunner.runTest(SuiteRunner.java:421)
	at org.testng.SuiteRunner.runSequentially(SuiteRunner.java:413)
	at org.testng.SuiteRunner.privateRun(SuiteRunner.java:373)
	at org.testng.SuiteRunner.run(SuiteRunner.java:312)
	at org.testng.SuiteRunnerWorker.runSuite(SuiteRunnerWorker.java:52)
	at org.testng.SuiteRunnerWorker.run(SuiteRunnerWorker.java:95)
	at org.testng.TestNG.runSuitesSequentially(TestNG.java:1274)
	at org.testng.TestNG.runSuitesLocally(TestNG.java:1208)
	at org.testng.TestNG.runSuites(TestNG.java:1112)
	at org.testng.TestNG.run(TestNG.java:1079)
	at org.apache.maven.surefire.testng.TestNGExecutor.run(TestNGExecutor.java:308)
	at org.apache.maven.surefire.testng.TestNGXmlTestSuite.execute(TestNGXmlTestSuite.java:71)
	at org.apache.maven.surefire.testng.TestNGProvider.invoke(TestNGProvider.java:113)
	at org.apache.maven.surefire.booter.ForkedBooter.runSuitesInProcess(ForkedBooter.java:385)
	at org.apache.maven.surefire.booter.ForkedBooter.execute(ForkedBooter.java:162)
	at org.apache.maven.surefire.booter.ForkedBooter.run(ForkedBooter.java:507)
	at org.apache.maven.surefire.booter.ForkedBooter.main(ForkedBooter.java:495)
]]></failure>
    <system-err><![CDATA[Nov 10, 2025 10:05:35 PM org.openqa.selenium.devtools.CdpVersionFinder findNearestMatch
WARNING: Unable to find an exact match for CDP version 142, returning the closest version; found: 141; Please update to a Selenium version that supports CDP version 142
]]></system-err>
  </testcase>
  <testcase name="testCloseButton" classname="com.spacetest.demoblaze.tests.ContactModalTest" time="1.499">
    <system-err><![CDATA[Nov 10, 2025 10:05:38 PM org.openqa.selenium.devtools.CdpVersionFinder findNearestMatch
WARNING: Unable to find an exact match for CDP version 142, returning the closest version; found: 141; Please update to a Selenium version that supports CDP version 142
]]></system-err>
  </testcase>
  <testcase name="testContactModalUI" classname="com.spacetest.demoblaze.tests.ContactModalTest" time="1.505">
    <system-err><![CDATA[Nov 10, 2025 10:05:44 PM org.openqa.selenium.devtools.CdpVersionFinder findNearestMatch
WARNING: Unable to find an exact match for CDP version 142, returning the closest version; found: 141; Please update to a Selenium version that supports CDP version 142
]]></system-err>
  </testcase>
  <testcase name="testValidContactForm" classname="com.spacetest.demoblaze.tests.ContactModalTest" time="2.318">
    <system-err><![CDATA[Nov 10, 2025 10:05:49 PM org.openqa.selenium.devtools.CdpVersionFinder findNearestMatch
WARNING: Unable to find an exact match for CDP version 142, returning the closest version; found: 141; Please update to a Selenium version that supports CDP version 142
]]></system-err>
  </testcase>
  <testcase name="testFooterInformationIsCorrect" classname="com.spacetest.demoblaze.tests.FooterTest" time="0.45">
    <system-err><![CDATA[Nov 10, 2025 10:05:58 PM org.openqa.selenium.devtools.CdpVersionFinder findNearestMatch
WARNING: Unable to find an exact match for CDP version 142, returning the closest version; found: 141; Please update to a Selenium version that supports CDP version 142
]]></system-err>
  </testcase>
  <testcase name="testInvalidLogin[testuser, wrongpass, Wrong password.](1)" classname="com.spacetest.demoblaze.tests.LoginPageTest" time="2.222">
    <system-err><![CDATA[Nov 10, 2025 10:06:02 PM org.openqa.selenium.devtools.CdpVersionFinder findNearestMatch
WARNING: Unable to find an exact match for CDP version 142, returning the closest version; found: 141; Please update to a Selenium version that supports CDP version 142
]]></system-err>
  </testcase>
  <testcase name="testInvalidLogin[invalidUser, test123, User does not exist.](2)" classname="com.spacetest.demoblaze.tests.LoginPageTest" time="2.269">
    <failure message="expected [User does not exist.] but found [Wrong password.]" type="java.lang.AssertionError"><![CDATA[java.lang.AssertionError: expected [User does not exist.] but found [Wrong password.]
	at org.testng.Assert.fail(Assert.java:111)
	at org.testng.Assert.failNotEquals(Assert.java:1590)
	at org.testng.Assert.assertEqualsImpl(Assert.java:150)
	at org.testng.Assert.assertEquals(Assert.java:132)
	at org.testng.Assert.assertEquals(Assert.java:656)
	at org.testng.Assert.assertEquals(Assert.java:666)
	at com.spacetest.demoblaze.tests.LoginPageTest.testInvalidLogin(LoginPageTest.java:34)
	at java.base/jdk.internal.reflect.DirectMethodHandleAccessor.invoke(DirectMethodHandleAccessor.java:104)
	at java.base/java.lang.reflect.Method.invoke(Method.java:565)
	at org.testng.internal.invokers.MethodInvocationHelper.invokeMethod(MethodInvocationHelper.java:141)
	at org.testng.internal.invokers.TestInvoker.invokeMethod(TestInvoker.java:687)
	at org.testng.internal.invokers.TestInvoker.invokeTestMethod(TestInvoker.java:230)
	at org.testng.internal.invokers.MethodRunner.runInSequence(MethodRunner.java:63)
	at org.testng.internal.invokers.TestInvoker$MethodInvocationAgent.invoke(TestInvoker.java:995)
	at org.testng.internal.invokers.TestInvoker.invokeTestMethods(TestInvoker.java:203)
	at org.testng.internal.invokers.TestMethodWorker.invokeTestMethods(TestMethodWorker.java:154)
	at org.testng.internal.invokers.TestMethodWorker.run(TestMethodWorker.java:134)
	at java.base/java.util.ArrayList.forEach(ArrayList.java:1604)
	at org.testng.TestRunner.privateRun(TestRunner.java:741)
	at org.testng.TestRunner.run(TestRunner.java:616)
	at org.testng.SuiteRunner.runTest(SuiteRunner.java:421)
	at org.testng.SuiteRunner.runSequentially(SuiteRunner.java:413)
	at org.testng.SuiteRunner.privateRun(SuiteRunner.java:373)
	at org.testng.SuiteRunner.run(SuiteRunner.java:312)
	at org.testng.SuiteRunnerWorker.runSuite(SuiteRunnerWorker.java:52)
	at org.testng.SuiteRunnerWorker.run(SuiteRunnerWorker.java:95)
	at org.testng.TestNG.runSuitesSequentially(TestNG.java:1274)
	at org.testng.TestNG.runSuitesLocally(TestNG.java:1208)
	at org.testng.TestNG.runSuites(TestNG.java:1112)
	at org.testng.TestNG.run(TestNG.java:1079)
	at org.apache.maven.surefire.testng.TestNGExecutor.run(TestNGExecutor.java:308)
	at org.apache.maven.surefire.testng.TestNGXmlTestSuite.execute(TestNGXmlTestSuite.java:71)
	at org.apache.maven.surefire.testng.TestNGProvider.invoke(TestNGProvider.java:113)
	at org.apache.maven.surefire.booter.ForkedBooter.runSuitesInProcess(ForkedBooter.java:385)
	at org.apache.maven.surefire.booter.ForkedBooter.execute(ForkedBooter.java:162)
	at org.apache.maven.surefire.booter.ForkedBooter.run(ForkedBooter.java:507)
	at org.apache.maven.surefire.booter.ForkedBooter.main(ForkedBooter.java:495)
]]></failure>
    <system-err><![CDATA[Nov 10, 2025 10:06:09 PM org.openqa.selenium.devtools.CdpVersionFinder findNearestMatch
WARNING: Unable to find an exact match for CDP version 142, returning the closest version; found: 141; Please update to a Selenium version that supports CDP version 142
]]></system-err>
  </testcase>
  <testcase name="testLoginModalResponsive" classname="com.spacetest.demoblaze.tests.LoginPageTest" time="1.816">
    <system-err><![CDATA[Nov 10, 2025 10:06:15 PM org.openqa.selenium.devtools.CdpVersionFinder findNearestMatch
WARNING: Unable to find an exact match for CDP version 142, returning the closest version; found: 141; Please update to a Selenium version that supports CDP version 142
]]></system-err>
  </testcase>
  <testcase name="testLoginWithEmptyFields[, , Please fill out Username and Password.](1)" classname="com.spacetest.demoblaze.tests.LoginPageTest" time="1.168">
    <system-err><![CDATA[Nov 10, 2025 10:06:21 PM org.openqa.selenium.devtools.CdpVersionFinder findNearestMatch
WARNING: Unable to find an exact match for CDP version 142, returning the closest version; found: 141; Please update to a Selenium version that supports CDP version 142
]]></system-err>
  </testcase>
  <testcase name="testLoginWithEmptyFields[testuser, , Please fill out Username and Password.](2)" classname="com.spacetest.demoblaze.tests.LoginPageTest" time="1.214">
    <system-err><![CDATA[Nov 10, 2025 10:06:25 PM org.openqa.selenium.devtools.CdpVersionFinder findNearestMatch
WARNING: Unable to find an exact match for CDP version 142, returning the closest version; found: 141; Please update to a Selenium version that supports CDP version 142
]]></system-err>
  </testcase>
  <testcase name="testLoginWithEmptyFields[, test123, Please fill out Username and Password.](3)" classname="com.spacetest.demoblaze.tests.LoginPageTest" time="1.167">
    <system-err><![CDATA[Nov 10, 2025 10:06:30 PM org.openqa.selenium.devtools.CdpVersionFinder findNearestMatch
WARNING: Unable to find an exact match for CDP version 142, returning the closest version; found: 141; Please update to a Selenium version that supports CDP version 142
]]></system-err>
  </testcase>
  <testcase name="testPasswordMasking" classname="com.spacetest.demoblaze.tests.LoginPageTest" time="1.387">
    <system-err><![CDATA[Nov 10, 2025 10:06:36 PM org.openqa.selenium.devtools.CdpVersionFinder findNearestMatch
WARNING: Unable to find an exact match for CDP version 142, returning the closest version; found: 141; Please update to a Selenium version that supports CDP version 142
]]></system-err>
  </testcase>
  <testcase name="testSessionPersistence" classname="com.spacetest.demoblaze.tests.LoginPageTest" time="4.747">
    <system-err><![CDATA[Nov 10, 2025 10:06:41 PM org.openqa.selenium.devtools.CdpVersionFinder findNearestMatch
WARNING: Unable to find an exact match for CDP version 142, returning the closest version; found: 141; Please update to a Selenium version that supports CDP version 142
]]></system-err>
  </testcase>
  <testcase name="testCloseButton" classname="com.spacetest.demoblaze.tests.LoginPageTest" time="1.414">
    <system-err><![CDATA[Nov 10, 2025 10:06:49 PM org.openqa.selenium.devtools.CdpVersionFinder findNearestMatch
WARNING: Unable to find an exact match for CDP version 142, returning the closest version; found: 141; Please update to a Selenium version that supports CDP version 142
]]></system-err>
  </testcase>
  <testcase name="testLoginButtonDisabled" classname="com.spacetest.demoblaze.tests.LoginPageTest" time="1.692">
    <system-err><![CDATA[Nov 10, 2025 10:06:54 PM org.openqa.selenium.devtools.CdpVersionFinder findNearestMatch
WARNING: Unable to find an exact match for CDP version 142, returning the closest version; found: 141; Please update to a Selenium version that supports CDP version 142
]]></system-err>
  </testcase>
  <testcase name="testLoginModalUI" classname="com.spacetest.demoblaze.tests.LoginPageTest" time="1.464">
    <system-err><![CDATA[Nov 10, 2025 10:07:00 PM org.openqa.selenium.devtools.CdpVersionFinder findNearestMatch
WARNING: Unable to find an exact match for CDP version 142, returning the closest version; found: 141; Please update to a Selenium version that supports CDP version 142
]]></system-err>
  </testcase>
  <testcase name="testLogout" classname="com.spacetest.demoblaze.tests.LoginPageTest" time="7.521">
    <system-err><![CDATA[Nov 10, 2025 10:07:06 PM org.openqa.selenium.devtools.CdpVersionFinder findNearestMatch
WARNING: Unable to find an exact match for CDP version 142, returning the closest version; found: 141; Please update to a Selenium version that supports CDP version 142
]]></system-err>
  </testcase>
  <testcase name="testValidLogin" classname="com.spacetest.demoblaze.tests.LoginPageTest" time="3.04">
    <system-err><![CDATA[Nov 10, 2025 10:07:22 PM org.openqa.selenium.devtools.CdpVersionFinder findNearestMatch
WARNING: Unable to find an exact match for CDP version 142, returning the closest version; found: 141; Please update to a Selenium version that supports CDP version 142
]]></system-err>
  </testcase>
  <testcase name="testValidLoginWithNewUser[org.testng.TestRunner@730b8cfa](1)" classname="com.spacetest.demoblaze.tests.LoginPageTest" time="3.434">
    <system-out><![CDATA[LOGIN: Logging in with user: testuser_49f7202d
]]></system-out>
    <system-err><![CDATA[Nov 10, 2025 10:11:08 PM org.openqa.selenium.devtools.CdpVersionFinder findNearestMatch
WARNING: Unable to find an exact match for CDP version 142, returning the closest version; found: 141; Please update to a Selenium version that supports CDP version 142
]]></system-err>
  </testcase>
  <testcase name="testAboutUsLink" classname="com.spacetest.demoblaze.tests.NavigationBarTest" time="1.479">
    <system-err><![CDATA[Nov 10, 2025 10:07:29 PM org.openqa.selenium.devtools.CdpVersionFinder findNearestMatch
WARNING: Unable to find an exact match for CDP version 142, returning the closest version; found: 141; Please update to a Selenium version that supports CDP version 142
]]></system-err>
  </testcase>
  <testcase name="testCartLink" classname="com.spacetest.demoblaze.tests.NavigationBarTest" time="0.945">
    <system-err><![CDATA[Nov 10, 2025 10:07:34 PM org.openqa.selenium.devtools.CdpVersionFinder findNearestMatch
WARNING: Unable to find an exact match for CDP version 142, returning the closest version; found: 141; Please update to a Selenium version that supports CDP version 142
]]></system-err>
  </testcase>
  <testcase name="testContactLink" classname="com.spacetest.demoblaze.tests.NavigationBarTest" time="1.41">
    <system-err><![CDATA[Nov 10, 2025 10:07:39 PM org.openqa.selenium.devtools.CdpVersionFinder findNearestMatch
WARNING: Unable to find an exact match for CDP version 142, returning the closest version; found: 141; Please update to a Selenium version that supports CDP version 142
]]></system-err>
  </testcase>
  <testcase name="testHomeLink" classname="com.spacetest.demoblaze.tests.NavigationBarTest" time="0.591">
    <system-err><![CDATA[Nov 10, 2025 10:07:47 PM org.openqa.selenium.devtools.CdpVersionFinder findNearestMatch
WARNING: Unable to find an exact match for CDP version 142, returning the closest version; found: 141; Please update to a Selenium version that supports CDP version 142
]]></system-err>
  </testcase>
  <testcase name="testLoginLink" classname="com.spacetest.demoblaze.tests.NavigationBarTest" time="0.803">
    <system-err><![CDATA[Nov 10, 2025 10:07:51 PM org.openqa.selenium.devtools.CdpVersionFinder findNearestMatch
WARNING: Unable to find an exact match for CDP version 142, returning the closest version; found: 141; Please update to a Selenium version that supports CDP version 142
]]></system-err>
  </testcase>
  <testcase name="testLogoLink" classname="com.spacetest.demoblaze.tests.NavigationBarTest" time="2.252">
    <system-err><![CDATA[Nov 10, 2025 10:07:55 PM org.openqa.selenium.devtools.CdpVersionFinder findNearestMatch
WARNING: Unable to find an exact match for CDP version 142, returning the closest version; found: 141; Please update to a Selenium version that supports CDP version 142
]]></system-err>
  </testcase>
  <testcase name="testSignupLink" classname="com.spacetest.demoblaze.tests.NavigationBarTest" time="0.81">
    <system-err><![CDATA[Nov 10, 2025 10:08:01 PM org.openqa.selenium.devtools.CdpVersionFinder findNearestMatch
WARNING: Unable to find an exact match for CDP version 142, returning the closest version; found: 141; Please update to a Selenium version that supports CDP version 142
]]></system-err>
  </testcase>
  <testcase name="testCartIsEmptyAfterOrder" classname="com.spacetest.demoblaze.tests.PlaceOrderTest" time="18.285">
    <system-err><![CDATA[Nov 10, 2025 10:08:06 PM org.openqa.selenium.devtools.CdpVersionFinder findNearestMatch
WARNING: Unable to find an exact match for CDP version 142, returning the closest version; found: 141; Please update to a Selenium version that supports CDP version 142
]]></system-err>
  </testcase>
  <testcase name="testCloseButtonOnPlaceOrderModal" classname="com.spacetest.demoblaze.tests.PlaceOrderTest" time="6.326">
    <system-err><![CDATA[Nov 10, 2025 10:08:28 PM org.openqa.selenium.devtools.CdpVersionFinder findNearestMatch
WARNING: Unable to find an exact match for CDP version 142, returning the closest version; found: 141; Please update to a Selenium version that supports CDP version 142
]]></system-err>
  </testcase>
  <testcase name="testInvalidOrderEmptyFields" classname="com.spacetest.demoblaze.tests.PlaceOrderTest" time="4.876">
    <system-err><![CDATA[Nov 10, 2025 10:08:37 PM org.openqa.selenium.devtools.CdpVersionFinder findNearestMatch
WARNING: Unable to find an exact match for CDP version 142, returning the closest version; found: 141; Please update to a Selenium version that supports CDP version 142
]]></system-err>
  </testcase>
  <testcase name="testMultipleOrders" classname="com.spacetest.demoblaze.tests.PlaceOrderTest" time="13.711">
    <system-err><![CDATA[Nov 10, 2025 10:08:46 PM org.openqa.selenium.devtools.CdpVersionFinder findNearestMatch
WARNING: Unable to find an exact match for CDP version 142, returning the closest version; found: 141; Please update to a Selenium version that supports CDP version 142
]]></system-err>
  </testcase>
  <testcase name="testOrderWithEmptyCart" classname="com.spacetest.demoblaze.tests.PlaceOrderTest" time="1.431">
    <system-err><![CDATA[Nov 10, 2025 10:09:03 PM org.openqa.selenium.devtools.CdpVersionFinder findNearestMatch
WARNING: Unable to find an exact match for CDP version 142, returning the closest version; found: 141; Please update to a Selenium version that supports CDP version 142
]]></system-err>
  </testcase>
  <testcase name="testPurchaseConfirmationDetails" classname="com.spacetest.demoblaze.tests.PlaceOrderTest" time="8.842">
    <system-err><![CDATA[Nov 10, 2025 10:09:10 PM org.openqa.selenium.devtools.CdpVersionFinder findNearestMatch
WARNING: Unable to find an exact match for CDP version 142, returning the closest version; found: 141; Please update to a Selenium version that supports CDP version 142
]]></system-err>
  </testcase>
  <testcase name="testValidOrder" classname="com.spacetest.demoblaze.tests.PlaceOrderTest" time="8.408">
    <system-err><![CDATA[Nov 10, 2025 10:09:21 PM org.openqa.selenium.devtools.CdpVersionFinder findNearestMatch
WARNING: Unable to find an exact match for CDP version 142, returning the closest version; found: 141; Please update to a Selenium version that supports CDP version 142
]]></system-err>
  </testcase>
  <testcase name="testAddToCart" classname="com.spacetest.demoblaze.tests.ProductPageTest" time="4.775">
    <system-err><![CDATA[Nov 10, 2025 10:09:33 PM org.openqa.selenium.devtools.CdpVersionFinder findNearestMatch
WARNING: Unable to find an exact match for CDP version 142, returning the closest version; found: 141; Please update to a Selenium version that supports CDP version 142
]]></system-err>
  </testcase>
  <testcase name="testNavBetweenProducts" classname="com.spacetest.demoblaze.tests.ProductPageTest" time="6.577">
    <system-err><![CDATA[Nov 10, 2025 10:09:41 PM org.openqa.selenium.devtools.CdpVersionFinder findNearestMatch
WARNING: Unable to find an exact match for CDP version 142, returning the closest version; found: 141; Please update to a Selenium version that supports CDP version 142
]]></system-err>
  </testcase>
  <testcase name="testNavToHomeFromProductPage" classname="com.spacetest.demoblaze.tests.ProductPageTest" time="2.853">
    <system-err><![CDATA[Nov 10, 2025 10:09:51 PM org.openqa.selenium.devtools.CdpVersionFinder findNearestMatch
WARNING: Unable to find an exact match for CDP version 142, returning the closest version; found: 141; Please update to a Selenium version that supports CDP version 142
]]></system-err>
  </testcase>
  <testcase name="testProductDetailsAreCorrect" classname="com.spacetest.demoblaze.tests.ProductPageTest" time="2.599">
    <system-err><![CDATA[Nov 10, 2025 10:09:57 PM org.openqa.selenium.devtools.CdpVersionFinder findNearestMatch
WARNING: Unable to find an exact match for CDP version 142, returning the closest version; found: 141; Please update to a Selenium version that supports CDP version 142
]]></system-err>
  </testcase>
  <testcase name="testProductPageRefresh" classname="com.spacetest.demoblaze.tests.ProductPageTest" time="3.269">
    <system-err><![CDATA[Nov 10, 2025 10:10:03 PM org.openqa.selenium.devtools.CdpVersionFinder findNearestMatch
WARNING: Unable to find an exact match for CDP version 142, returning the closest version; found: 141; Please update to a Selenium version that supports CDP version 142
]]></system-err>
  </testcase>
  <testcase name="testCarouselArrowNavigation" classname="com.spacetest.demoblaze.tests.ProductSliderTest" time="2.484">
    <system-out><![CDATA[First image: https://www.demoblaze.com/Samsung1.jpg
Second image (after Next): https://www.demoblaze.com/nexus1.jpg
Third image (after Previous): https://www.demoblaze.com/Samsung1.jpg
]]></system-out>
    <system-err><![CDATA[Nov 10, 2025 10:10:10 PM org.openqa.selenium.devtools.CdpVersionFinder findNearestMatch
WARNING: Unable to find an exact match for CDP version 142, returning the closest version; found: 141; Please update to a Selenium version that supports CDP version 142
]]></system-err>
  </testcase>
  <testcase name="testCarouselAutoSlide" classname="com.spacetest.demoblaze.tests.ProductSliderTest" time="5.873">
    <system-out><![CDATA[First image: https://www.demoblaze.com/Samsung1.jpg
Second image: https://www.demoblaze.com/nexus1.jpg
]]></system-out>
    <system-err><![CDATA[Nov 10, 2025 10:10:16 PM org.openqa.selenium.devtools.CdpVersionFinder findNearestMatch
WARNING: Unable to find an exact match for CDP version 142, returning the closest version; found: 141; Please update to a Selenium version that supports CDP version 142
]]></system-err>
  </testcase>
  <testcase name="testLayoutAdjustsOnResize" classname="com.spacetest.demoblaze.tests.ResponsiveLayoutTest" time="0.132">
    <system-out><![CDATA[Initial (Desktop) Width: 855
Tablet Width: 720
]]></system-out>
    <system-err><![CDATA[Nov 10, 2025 10:10:25 PM org.openqa.selenium.devtools.CdpVersionFinder findNearestMatch
WARNING: Unable to find an exact match for CDP version 142, returning the closest version; found: 141; Please update to a Selenium version that supports CDP version 142
]]></system-err>
  </testcase>
  <testcase name="testProductsLayoutOnMobile" classname="com.spacetest.demoblaze.tests.ResponsiveLayoutTest" time="2.154">
    <system-out><![CDATA[Initial (Desktop) Width: 855
Mobile Width: 485
Products on Mobile: [Samsung galaxy s6, Nokia lumia 1520, Nexus 6, Samsung galaxy s7, Iphone 6 32gb, Sony xperia z5, HTC One M9, Sony vaio i5, Sony vaio i7]
]]></system-out>
    <system-err><![CDATA[Nov 10, 2025 10:10:30 PM org.openqa.selenium.devtools.CdpVersionFinder findNearestMatch
WARNING: Unable to find an exact match for CDP version 142, returning the closest version; found: 141; Please update to a Selenium version that supports CDP version 142
]]></system-err>
  </testcase>
  <testcase name="testCloseButton" classname="com.spacetest.demoblaze.tests.SignupPageTest" time="1.389">
    <system-err><![CDATA[Nov 10, 2025 10:10:35 PM org.openqa.selenium.devtools.CdpVersionFinder findNearestMatch
WARNING: Unable to find an exact match for CDP version 142, returning the closest version; found: 141; Please update to a Selenium version that supports CDP version 142
]]></system-err>
  </testcase>
  <testcase name="testInvalidSignup[migaman123, test123, This user already exist.](1)" classname="com.spacetest.demoblaze.tests.SignupPageTest" time="2.046">
    <system-err><![CDATA[Nov 10, 2025 10:10:39 PM org.openqa.selenium.devtools.CdpVersionFinder findNearestMatch
WARNING: Unable to find an exact match for CDP version 142, returning the closest version; found: 141; Please update to a Selenium version that supports CDP version 142
]]></system-err>
  </testcase>
  <testcase name="testInvalidSignup[, , Please fill out Username and Password.](2)" classname="com.spacetest.demoblaze.tests.SignupPageTest" time="0.969">
    <system-err><![CDATA[Nov 10, 2025 10:10:46 PM org.openqa.selenium.devtools.CdpVersionFinder findNearestMatch
WARNING: Unable to find an exact match for CDP version 142, returning the closest version; found: 141; Please update to a Selenium version that supports CDP version 142
]]></system-err>
  </testcase>
  <testcase name="testInvalidSignup[, testpass123, Please fill out Username and Password.](3)" classname="com.spacetest.demoblaze.tests.SignupPageTest" time="1.047">
    <system-err><![CDATA[Nov 10, 2025 10:10:49 PM org.openqa.selenium.devtools.CdpVersionFinder findNearestMatch
WARNING: Unable to find an exact match for CDP version 142, returning the closest version; found: 141; Please update to a Selenium version that supports CDP version 142
]]></system-err>
  </testcase>
  <testcase name="testInvalidSignup[testuser123, , Please fill out Username and Password.](4)" classname="com.spacetest.demoblaze.tests.SignupPageTest" time="1.056">
    <system-err><![CDATA[Nov 10, 2025 10:10:53 PM org.openqa.selenium.devtools.CdpVersionFinder findNearestMatch
WARNING: Unable to find an exact match for CDP version 142, returning the closest version; found: 141; Please update to a Selenium version that supports CDP version 142
]]></system-err>
  </testcase>
  <testcase name="testSignupModalUI" classname="com.spacetest.demoblaze.tests.SignupPageTest" time="1.456">
    <system-err><![CDATA[Nov 10, 2025 10:10:57 PM org.openqa.selenium.devtools.CdpVersionFinder findNearestMatch
WARNING: Unable to find an exact match for CDP version 142, returning the closest version; found: 141; Please update to a Selenium version that supports CDP version 142
]]></system-err>
  </testcase>
  <testcase name="testValidSignup[org.testng.TestRunner@730b8cfa](1)" classname="com.spacetest.demoblaze.tests.SignupPageTest" time="2.171">
    <system-out><![CDATA[SIGNUP: Creating user: testuser_49f7202d
]]></system-out>
    <system-err><![CDATA[Nov 10, 2025 10:11:02 PM org.openqa.selenium.devtools.CdpVersionFinder findNearestMatch
WARNING: Unable to find an exact match for CDP version 142, returning the closest version; found: 141; Please update to a Selenium version that supports CDP version 142
]]></system-err>
  </testcase>
  <testcase name="testPing" classname="com.spacetest.demoblaze.tests.RestfulBookerFullTests" time="2.082"/>
  <testcase name="testAuthenticate" classname="com.spacetest.demoblaze.tests.RestfulBookerFullTests" time="1.943">
    <system-out><![CDATA[{
    "token": "b6c4a4b99c1cfb9"
}
Auth Token: b6c4a4b99c1cfb9
]]></system-out>
  </testcase>
  <testcase name="testCreateBooking" classname="com.spacetest.demoblaze.tests.RestfulBookerFullTests" time="1.873">
    <system-out><![CDATA[Request method:	POST
Request URI:	https://restful-booker.herokuapp.com/booking
Proxy:			<none>
Request params:	<none>
Query params:	<none>
Form params:	<none>
Path params:	<none>
Headers:		User-Agent=Mozilla/5.0
				Origin=https://restful-booker.herokuapp.com
				Connection=close
				Accept=application/json
				Content-Type=application/json
Cookies:		<none>
Multiparts:		<none>
Body:
{
    "firstname": "Mostafa",
    "lastname": "ElFallal",
    "totalprice": 111,
    "depositpaid": true,
    "bookingdates": {
        "checkin": "2025-01-01",
        "checkout": "2025-01-05"
    },
    "additionalneeds": "Breakfast"
}
{
    "bookingid": 299,
    "booking": {
        "firstname": "Mostafa",
        "lastname": "ElFallal",
        "totalprice": 111,
        "depositpaid": true,
        "bookingdates": {
            "checkin": "2025-01-01",
            "checkout": "2025-01-05"
        },
        "additionalneeds": "Breakfast"
    }
}
Created new booking with ID: 299
]]></system-out>
  </testcase>
  <testcase name="testGetCreatedBooking" classname="com.spacetest.demoblaze.tests.RestfulBookerFullTests" time="0.754"/>
  <testcase name="testUpdateBookingPut" classname="com.spacetest.demoblaze.tests.RestfulBookerFullTests" time="1.21"/>
  <testcase name="testPartialUpdateBookingPatch" classname="com.spacetest.demoblaze.tests.RestfulBookerFullTests" time="0.751"/>
  <testcase name="testDeleteBooking" classname="com.spacetest.demoblaze.tests.RestfulBookerFullTests" time="0.755"/>
  <testcase name="testVerifyBookingDeleted" classname="com.spacetest.demoblaze.tests.RestfulBookerFullTests" time="0.721"/>
  <testcase name="testGetNonExistentBooking" classname="com.spacetest.demoblaze.tests.RestfulBookerFullTests" time="0.72"/>
</testsuite>