<?xml version="1.0" encoding="UTF-8"?>
<!-- Generated by org.testng.reporters.JUnitReportReporter -->
<testsuite hostname="Fallal" failures="1" tests="14" name="com.spacetest.demoblaze.tests.LoginPageTest" time="92.710" errors="0" timestamp="2025-11-10T22:11:25 EET" skipped="0">
  <testcase classname="com.spacetest.demoblaze.tests.LoginPageTest" name="testLoginWithEmptyFields" time="5.051"/>
  <testcase classname="com.spacetest.demoblaze.tests.LoginPageTest" name="testSessionPersistence" time="8.825"/>
  <testcase classname="com.spacetest.demoblaze.tests.LoginPageTest" name="testLoginButtonDisabled" time="6.649"/>
  <testcase classname="com.spacetest.demoblaze.tests.LoginPageTest" name="testValidLogin" time="6.718"/>
  <testcase classname="com.spacetest.demoblaze.tests.LoginPageTest" name="testInvalidLogin" time="5.759"/>
  <testcase classname="com.spacetest.demoblaze.tests.LoginPageTest" name="testLoginModalUI" time="4.697"/>
  <testcase classname="com.spacetest.demoblaze.tests.LoginPageTest" name="testLoginWithEmptyFields" time="4.579"/>
  <testcase classname="com.spacetest.demoblaze.tests.LoginPageTest" name="testLoginWithEmptyFields" time="5.805"/>
  <testcase classname="com.spacetest.demoblaze.tests.LoginPageTest" name="testPasswordMasking" time="5.043"/>
  <testcase classname="com.spacetest.demoblaze.tests.LoginPageTest" name="testLoginModalResponsive" time="9.598"/>
  <testcase classname="com.spacetest.demoblaze.tests.LoginPageTest" name="testLogout" time="11.351"/>
  <testcase classname="com.spacetest.demoblaze.tests.LoginPageTest" name="testInvalidLogin" time="5.985">
    <failure message="expected [User does not exist.] but found [Wrong password.]" type="java.lang.AssertionError">
      <![CDATA[java.lang.AssertionError: expected [User does not exist.] but found [Wrong password.]
at org.testng.Assert.fail(Assert.java:111)
at org.testng.Assert.failNotEquals(Assert.java:1590)
at org.testng.Assert.assertEqualsImpl(Assert.java:150)
at org.testng.Assert.assertEquals(Assert.java:132)
at org.testng.Assert.assertEquals(Assert.java:656)
at org.testng.Assert.assertEquals(Assert.java:666)
at com.spacetest.demoblaze.tests.LoginPageTest.testInvalidLogin(LoginPageTest.java:34)
at java.base/jdk.internal.reflect.DirectMethodHandleAccessor.invoke(DirectMethodHandleAccessor.java:104)
at java.base/java.lang.reflect.Method.invoke(Method.java:565)
at org.testng.internal.invokers.MethodInvocationHelper.invokeMethod(MethodInvocationHelper.java:141)
at org.testng.internal.invokers.TestInvoker.invokeMethod(TestInvoker.java:687)
at org.testng.internal.invokers.TestInvoker.invokeTestMethod(TestInvoker.java:230)
at org.testng.internal.invokers.MethodRunner.runInSequence(MethodRunner.java:63)
at org.testng.internal.invokers.TestInvoker$MethodInvocationAgent.invoke(TestInvoker.java:995)
at org.testng.internal.invokers.TestInvoker.invokeTestMethods(TestInvoker.java:203)
at org.testng.internal.invokers.TestMethodWorker.invokeTestMethods(TestMethodWorker.java:154)
at org.testng.internal.invokers.TestMethodWorker.run(TestMethodWorker.java:134)
at java.base/java.util.ArrayList.forEach(ArrayList.java:1604)
at org.testng.TestRunner.privateRun(TestRunner.java:741)
at org.testng.TestRunner.run(TestRunner.java:616)
at org.testng.SuiteRunner.runTest(SuiteRunner.java:421)
at org.testng.SuiteRunner.runSequentially(SuiteRunner.java:413)
at org.testng.SuiteRunner.privateRun(SuiteRunner.java:373)
at org.testng.SuiteRunner.run(SuiteRunner.java:312)
at org.testng.SuiteRunnerWorker.runSuite(SuiteRunnerWorker.java:52)
at org.testng.SuiteRunnerWorker.run(SuiteRunnerWorker.java:95)
at org.testng.TestNG.runSuitesSequentially(TestNG.java:1274)
at org.testng.TestNG.runSuitesLocally(TestNG.java:1208)
at org.testng.TestNG.runSuites(TestNG.java:1112)
at org.testng.TestNG.run(TestNG.java:1079)
at org.apache.maven.surefire.testng.TestNGExecutor.run(TestNGExecutor.java:308)
at org.apache.maven.surefire.testng.TestNGXmlTestSuite.execute(TestNGXmlTestSuite.java:71)
at org.apache.maven.surefire.testng.TestNGProvider.invoke(TestNGProvider.java:113)
at org.apache.maven.surefire.booter.ForkedBooter.runSuitesInProcess(ForkedBooter.java:385)
at org.apache.maven.surefire.booter.ForkedBooter.execute(ForkedBooter.java:162)
at org.apache.maven.surefire.booter.ForkedBooter.run(ForkedBooter.java:507)
at org.apache.maven.surefire.booter.ForkedBooter.main(ForkedBooter.java:495)
]]>
    </failure>
  </testcase> <!-- testInvalidLogin -->
  <testcase classname="com.spacetest.demoblaze.tests.LoginPageTest" name="testCloseButton" time="4.230"/>
  <testcase classname="com.spacetest.demoblaze.tests.LoginPageTest" name="testValidLoginWithNewUser" time="8.420"/>
</testsuite> <!-- com.spacetest.demoblaze.tests.LoginPageTest -->
