<?xml version="1.0" encoding="UTF-8"?>
<!-- Generated by org.testng.reporters.JUnitReportReporter -->
<testsuite hostname="Fallal" failures="1" tests="9" name="com.spacetest.demoblaze.tests.CartPageTest" time="98.758" errors="0" timestamp="2025-11-10T22:11:25 EET" skipped="0">
  <testcase classname="com.spacetest.demoblaze.tests.CartPageTest" name="testCurrencyConsistency" time="11.023">
    <failure message="The following asserts failed:
	Currency symbol missing in cart. expected [true] but found [false],
	Price in cart does not match price on homepage. expected [$360] but found [360]" type="java.lang.AssertionError">
      <![CDATA[java.lang.AssertionError: The following asserts failed:
Currency symbol missing in cart. expected [true] but found [false],
Price in cart does not match price on homepage. expected [$360] but found [360]
at org.testng.asserts.SoftAssert.assertAll(SoftAssert.java:46)
at org.testng.asserts.SoftAssert.assertAll(SoftAssert.java:30)
at com.spacetest.demoblaze.tests.CartPageTest.testCurrencyConsistency(CartPageTest.java:178)
at java.base/jdk.internal.reflect.DirectMethodHandleAccessor.invoke(DirectMethodHandleAccessor.java:104)
at java.base/java.lang.reflect.Method.invoke(Method.java:565)
at org.testng.internal.invokers.MethodInvocationHelper.invokeMethod(MethodInvocationHelper.java:141)
at org.testng.internal.invokers.TestInvoker.invokeMethod(TestInvoker.java:687)
at org.testng.internal.invokers.TestInvoker.invokeTestMethod(TestInvoker.java:230)
at org.testng.internal.invokers.MethodRunner.runInSequence(MethodRunner.java:63)
at org.testng.internal.invokers.TestInvoker$MethodInvocationAgent.invoke(TestInvoker.java:995)
at org.testng.internal.invokers.TestInvoker.invokeTestMethods(TestInvoker.java:203)
at org.testng.internal.invokers.TestMethodWorker.invokeTestMethods(TestMethodWorker.java:154)
at org.testng.internal.invokers.TestMethodWorker.run(TestMethodWorker.java:134)
at java.base/java.util.ArrayList.forEach(ArrayList.java:1604)
at org.testng.TestRunner.privateRun(TestRunner.java:741)
at org.testng.TestRunner.run(TestRunner.java:616)
at org.testng.SuiteRunner.runTest(SuiteRunner.java:421)
at org.testng.SuiteRunner.runSequentially(SuiteRunner.java:413)
at org.testng.SuiteRunner.privateRun(SuiteRunner.java:373)
at org.testng.SuiteRunner.run(SuiteRunner.java:312)
at org.testng.SuiteRunnerWorker.runSuite(SuiteRunnerWorker.java:52)
at org.testng.SuiteRunnerWorker.run(SuiteRunnerWorker.java:95)
at org.testng.TestNG.runSuitesSequentially(TestNG.java:1274)
at org.testng.TestNG.runSuitesLocally(TestNG.java:1208)
at org.testng.TestNG.runSuites(TestNG.java:1112)
at org.testng.TestNG.run(TestNG.java:1079)
at org.apache.maven.surefire.testng.TestNGExecutor.run(TestNGExecutor.java:308)
at org.apache.maven.surefire.testng.TestNGXmlTestSuite.execute(TestNGXmlTestSuite.java:71)
at org.apache.maven.surefire.testng.TestNGProvider.invoke(TestNGProvider.java:113)
at org.apache.maven.surefire.booter.ForkedBooter.runSuitesInProcess(ForkedBooter.java:385)
at org.apache.maven.surefire.booter.ForkedBooter.execute(ForkedBooter.java:162)
at org.apache.maven.surefire.booter.ForkedBooter.run(ForkedBooter.java:507)
at org.apache.maven.surefire.booter.ForkedBooter.main(ForkedBooter.java:495)
]]>
    </failure>
  </testcase> <!-- testCurrencyConsistency -->
  <testcase classname="com.spacetest.demoblaze.tests.CartPageTest" name="testProductDetailsAndTotal" time="11.005"/>
  <testcase classname="com.spacetest.demoblaze.tests.CartPageTest" name="testDuplicateProductAdd" time="12.505"/>
  <testcase classname="com.spacetest.demoblaze.tests.CartPageTest" name="testCartPageNavigation" time="3.752"/>
  <testcase classname="com.spacetest.demoblaze.tests.CartPageTest" name="testCartLayoutOnMobile" time="5.585"/>
  <testcase classname="com.spacetest.demoblaze.tests.CartPageTest" name="testRemovingProduct" time="21.178"/>
  <testcase classname="com.spacetest.demoblaze.tests.CartPageTest" name="testCartPersistenceAfterRefresh" time="11.622"/>
  <testcase classname="com.spacetest.demoblaze.tests.CartPageTest" name="testNavHomeFromCart" time="4.736"/>
  <testcase classname="com.spacetest.demoblaze.tests.CartPageTest" name="testCartPersistenceAfterLogin" time="17.352"/>
</testsuite> <!-- com.spacetest.demoblaze.tests.CartPageTest -->
