<?xml version="1.0" encoding="UTF-8"?>
<!-- Generated by org.testng.reporters.JUnitReportReporter -->
<testsuite hostname="Fallal" failures="0" tests="2" name="com.spacetest.demoblaze.tests.ResponsiveLayoutTest" time="9.612" errors="0" timestamp="2025-11-10T22:11:25 EET" skipped="0">
  <testcase classname="com.spacetest.demoblaze.tests.ResponsiveLayoutTest" name="testLayoutAdjustsOnResize" time="3.107"/>
  <testcase classname="com.spacetest.demoblaze.tests.ResponsiveLayoutTest" name="testProductsLayoutOnMobile" time="6.505"/>
</testsuite> <!-- com.spacetest.demoblaze.tests.ResponsiveLayoutTest -->
