<?xml version="1.0" encoding="UTF-8"?>
<!-- Generated by org.testng.reporters.JUnitReportReporter -->
<testsuite hostname="Fallal" failures="0" tests="7" name="com.spacetest.demoblaze.tests.SignupPageTest" time="32.761" errors="0" timestamp="2025-11-10T22:11:25 EET" skipped="0">
  <testcase classname="com.spacetest.demoblaze.tests.SignupPageTest" name="testInvalidSignup" time="4.240"/>
  <testcase classname="com.spacetest.demoblaze.tests.SignupPageTest" name="testSignupModalUI" time="5.498"/>
  <testcase classname="com.spacetest.demoblaze.tests.SignupPageTest" name="testInvalidSignup" time="4.231"/>
  <testcase classname="com.spacetest.demoblaze.tests.SignupPageTest" name="testValidSignup" time="4.909"/>
  <testcase classname="com.spacetest.demoblaze.tests.SignupPageTest" name="testInvalidSignup" time="4.932"/>
  <testcase classname="com.spacetest.demoblaze.tests.SignupPageTest" name="testCloseButton" time="4.553"/>
  <testcase classname="com.spacetest.demoblaze.tests.SignupPageTest" name="testInvalidSignup" time="4.398"/>
</testsuite> <!-- com.spacetest.demoblaze.tests.SignupPageTest -->
