<?xml version="1.0" encoding="UTF-8"?>
<testng-results ignored="0" total="2" passed="2" failed="0" skipped="0">
  <reporter-output>
  </reporter-output>
  <suite started-at="2025-10-24T21:25:48 EEST" name="Surefire suite" finished-at="2025-10-24T21:25:55 EEST" duration-ms="6655">
    <groups>
    </groups>
    <test started-at="2025-10-24T21:25:48 EEST" name="Surefire test" finished-at="2025-10-24T21:25:55 EEST" duration-ms="6655">
      <class name="com.spacetest.demoblaze.tests.HomePageTest">
        <test-method is-config="true" signature="setUp()[pri:0, instance:com.spacetest.demoblaze.tests.HomePageTest@4d465b11]" started-at="2025-10-24T21:25:48 EEST" name="setUp" finished-at="2025-10-24T21:25:51 EEST" duration-ms="2283" status="PASS">
          <reporter-output>
          </reporter-output>
        </test-method> <!-- setUp -->
        <test-method signature="testContactLink()[pri:0, instance:com.spacetest.demoblaze.tests.HomePageTest@4d465b11]" started-at="2025-10-24T21:25:51 EEST" name="testContactLink" description="Verify clicking the &#039;Home&#039; navigates to the homepage" finished-at="2025-10-24T21:25:51 EEST" duration-ms="421" status="PASS">
          <reporter-output>
          </reporter-output>
        </test-method> <!-- testContactLink -->
        <test-method is-config="true" signature="tearDown()[pri:0, instance:com.spacetest.demoblaze.tests.HomePageTest@4d465b11]" started-at="2025-10-24T21:25:51 EEST" name="tearDown" finished-at="2025-10-24T21:25:51 EEST" duration-ms="239" status="PASS">
          <reporter-output>
          </reporter-output>
        </test-method> <!-- tearDown -->
        <test-method is-config="true" signature="setUp()[pri:0, instance:com.spacetest.demoblaze.tests.HomePageTest@4d465b11]" started-at="2025-10-24T21:25:51 EEST" name="setUp" finished-at="2025-10-24T21:25:54 EEST" duration-ms="2999" status="PASS">
          <reporter-output>
          </reporter-output>
        </test-method> <!-- setUp -->
        <test-method signature="testLogoLink()[pri:0, instance:com.spacetest.demoblaze.tests.HomePageTest@4d465b11]" started-at="2025-10-24T21:25:54 EEST" name="testLogoLink" description="Verify clicking the &#039;Logo&#039; navigates to the homepage" finished-at="2025-10-24T21:25:55 EEST" duration-ms="327" status="PASS">
          <reporter-output>
          </reporter-output>
        </test-method> <!-- testLogoLink -->
        <test-method is-config="true" signature="tearDown()[pri:0, instance:com.spacetest.demoblaze.tests.HomePageTest@4d465b11]" started-at="2025-10-24T21:25:55 EEST" name="tearDown" finished-at="2025-10-24T21:25:55 EEST" duration-ms="278" status="PASS">
          <reporter-output>
          </reporter-output>
        </test-method> <!-- tearDown -->
      </class> <!-- com.spacetest.demoblaze.tests.HomePageTest -->
    </test> <!-- Surefire test -->
  </suite> <!-- Surefire suite -->
</testng-results>
