<?xml version="1.0" encoding="UTF-8"?>
<testsuite xmlns:xsi="http://www.w3.org/2001/XMLSchema-instance" xsi:noNamespaceSchemaLocation="https://maven.apache.org/surefire/maven-surefire-plugin/xsd/surefire-test-report-3.0.xsd" version="3.0" name="TestSuite" time="50.893" tests="12" errors="0" skipped="0" failures="0">
  <properties>
[...]
</properties>
  <testcase name="testCategoryProducts[Phones, Samsung galaxy s6](1)" classname="com.spacetest.demoblaze.tests.CategoryMenuTest" time="1.811">
    <system-out><![CDATA[Testing category: Phones
Found products: [Samsung galaxy s6, Nokia lumia 1520, Nexus 6, Samsung galaxy s7, Iphone 6 32gb, Sony xperia z5, HTC One M9]
]]></system-out>
  </testcase>
  <testcase name="testCategoryProducts[Laptops, Sony vaio i5](2)" classname="com.spacetest.demoblaze.tests.CategoryMenuTest" time="1.758">
    <system-out><![CDATA[Testing category: Laptops
Found products: [Sony vaio i5, Sony vaio i7, MacBook air, Dell i7 8gb, 2017 Dell 15.6 Inch, MacBook Pro]
]]></system-out>
  </testcase>
  <testcase name="testCategoryProducts[Monitors, Apple monitor 24](3)" classname="com.spacetest.demoblaze.tests.CategoryMenuTest" time="1.705">
    <system-out><![CDATA[Testing category: Monitors
Found products: [Apple monitor 24, ASUS Full HD]
]]></system-out>
  </testcase>
  <testcase name="testAboutUsLink" classname="com.spacetest.demoblaze.tests.NavigationBarTest" time="0.727"/>
  <testcase name="testCartLink" classname="com.spacetest.demoblaze.tests.NavigationBarTest" time="0.615"/>
  <testcase name="testContactLink" classname="com.spacetest.demoblaze.tests.NavigationBarTest" time="0.7"/>
  <testcase name="testHomeLink" classname="com.spacetest.demoblaze.tests.NavigationBarTest" time="0.442"/>
  <testcase name="testLoginLink" classname="com.spacetest.demoblaze.tests.NavigationBarTest" time="0.691"/>
  <testcase name="testLogoLink" classname="com.spacetest.demoblaze.tests.NavigationBarTest" time="0.37"/>
  <testcase name="testSignupLink" classname="com.spacetest.demoblaze.tests.NavigationBarTest" time="0.679"/>
  <testcase name="testCarouselArrowNavigation" classname="com.spacetest.demoblaze.tests.ProductSliderTest" time="2.273">
    <system-out><![CDATA[First image: https://www.demoblaze.com/Samsung1.jpg
Second image (after Next): https://www.demoblaze.com/nexus1.jpg
Third image (after Previous): https://www.demoblaze.com/Samsung1.jpg
]]></system-out>
  </testcase>
  <testcase name="testCarouselAutoSlide" classname="com.spacetest.demoblaze.tests.ProductSliderTest" time="5.728">
    <system-out><![CDATA[First image: https://www.demoblaze.com/Samsung1.jpg
Second image: https://www.demoblaze.com/nexus1.jpg
]]></system-out>
  </testcase>
</testsuite>