<?xml version="1.0" encoding="UTF-8"?>
<!-- Generated by org.testng.reporters.JUnitXMLReporter -->
<testsuite ignored="0" hostname="Fallal" failures="0" tests="9" name="API Tests (All)" time="11.456" errors="0" timestamp="2025-11-10T22:11:24 EET">
  <testcase classname="com.spacetest.demoblaze.tests.RestfulBookerFullTests" name="testPing" time="2.08"/>
  <testcase classname="com.spacetest.demoblaze.tests.RestfulBookerFullTests" name="testAuthenticate" time="1.94"/>
  <testcase classname="com.spacetest.demoblaze.tests.RestfulBookerFullTests" name="testCreateBooking" time="1.87"/>
  <testcase classname="com.spacetest.demoblaze.tests.RestfulBookerFullTests" name="testGetCreatedBooking" time="0.754"/>
  <testcase classname="com.spacetest.demoblaze.tests.RestfulBookerFullTests" name="testUpdateBookingPut" time="1.208"/>
  <testcase classname="com.spacetest.demoblaze.tests.RestfulBookerFullTests" name="testPartialUpdateBookingPatch" time="0.751"/>
  <testcase classname="com.spacetest.demoblaze.tests.RestfulBookerFullTests" name="testDeleteBooking" time="0.753"/>
  <testcase classname="com.spacetest.demoblaze.tests.RestfulBookerFullTests" name="testVerifyBookingDeleted" time="0.72"/>
  <testcase classname="com.spacetest.demoblaze.tests.RestfulBookerFullTests" name="testGetNonExistentBooking" time="0.719"/>
</testsuite> <!-- API Tests (All) -->
