<?xml version="1.0" encoding="UTF-8"?>
<!-- Generated by org.testng.reporters.JUnitXMLReporter -->
<testsuite ignored="0" hostname="Fallal" failures="4" tests="68" name="UI Tests (All)" time="495.86" errors="0" timestamp="2025-11-10T22:11:13 EET">
  <testcase classname="com.spacetest.demoblaze.tests.AboutUsModalTest" name="testAboutUsModalUI" time="1.721"/>
  <testcase classname="com.spacetest.demoblaze.tests.AboutUsModalTest" name="testCloseButton" time="1.452"/>
  <testcase classname="com.spacetest.demoblaze.tests.AboutUsModalTest" name="testCloseIcon" time="1.432"/>
  <testcase classname="com.spacetest.demoblaze.tests.AboutUsModalTest" name="testVideoPlayback" time="1.749"/>
  <testcase classname="com.spacetest.demoblaze.tests.CartPageTest" name="testCartLayoutOnMobile" time="1.565"/>
  <testcase classname="com.spacetest.demoblaze.tests.CartPageTest" name="testCartPageNavigation" time="0.843"/>
  <testcase classname="com.spacetest.demoblaze.tests.CartPageTest" name="testCartPersistenceAfterLogin" time="13.687"/>
  <testcase classname="com.spacetest.demoblaze.tests.CartPageTest" name="testCartPersistenceAfterRefresh" time="8.023"/>
  <testcase classname="com.spacetest.demoblaze.tests.CartPageTest" name="testCurrencyConsistency" time="6.874">
    <failure type="java.lang.AssertionError" message="The following asserts failed:
	Currency symbol missing in cart. expected [true] but found [false],
	Price in cart does not match price on homepage. expected [$360] but found [360]">
      <![CDATA[java.lang.AssertionError: The following asserts failed:
Currency symbol missing in cart. expected [true] but found [false],
Price in cart does not match price on homepage. expected [$360] but found [360]
at com.spacetest.demoblaze.tests.CartPageTest.testCurrencyConsistency(CartPageTest.java:178)
at java.base/java.util.ArrayList.forEach(ArrayList.java:1604)
... Removed 31 stack frames]]>
    </failure>
  </testcase> <!-- testCurrencyConsistency -->
  <testcase classname="com.spacetest.demoblaze.tests.CartPageTest" name="testDuplicateProductAdd" time="9.889"/>
  <testcase classname="com.spacetest.demoblaze.tests.CartPageTest" name="testNavHomeFromCart" time="1.331"/>
  <testcase classname="com.spacetest.demoblaze.tests.CartPageTest" name="testProductDetailsAndTotal" time="7.518"/>
  <testcase classname="com.spacetest.demoblaze.tests.CartPageTest" name="testRemovingProduct" time="17.899"/>
  <testcase classname="com.spacetest.demoblaze.tests.CategoryMenuTest" name="testAllProductDetailsArePresent" time="2.713"/>
  <testcase classname="com.spacetest.demoblaze.tests.CategoryMenuTest" name="testCategoryProducts" time="1.894"/>
  <testcase classname="com.spacetest.demoblaze.tests.CategoryMenuTest" name="testCategoryProducts" time="2.401"/>
  <testcase classname="com.spacetest.demoblaze.tests.CategoryMenuTest" name="testCategoryProducts" time="0.787"/>
  <testcase classname="com.spacetest.demoblaze.tests.CategoryMenuTest" name="testClickProductImageNavigates" time="3.494"/>
  <testcase classname="com.spacetest.demoblaze.tests.CategoryMenuTest" name="testPaginationNavigation" time="2.845">
    <failure type="java.lang.AssertionError" message="Product list after clicking &amp;apos;Previous&amp;apos; does not match the original Page 1 list.: Lists differ at element [0]: Nokia lumia 1520 != Samsung galaxy s6 expected [Nokia lumia 1520] but found [Samsung galaxy s6]">
      <![CDATA[java.lang.AssertionError: Product list after clicking 'Previous' does not match the original Page 1 list.: Lists differ at element [0]: Nokia lumia 1520 != Samsung galaxy s6 expected [Nokia lumia 1520] but found [Samsung galaxy s6]
at com.spacetest.demoblaze.tests.CategoryMenuTest.testPaginationNavigation(CategoryMenuTest.java:143)
at java.base/java.util.ArrayList.forEach(ArrayList.java:1604)
... Removed 33 stack frames]]>
    </failure>
  </testcase> <!-- testPaginationNavigation -->
  <testcase classname="com.spacetest.demoblaze.tests.CategoryMenuTest" name="testPrevButtonHiddenOnFirstPage" time="0.107">
    <failure type="java.lang.AssertionError" message="&amp;apos;Previous&amp;apos; button IS visible on the first page. expected [false] but found [true]">
      <![CDATA[java.lang.AssertionError: 'Previous' button IS visible on the first page. expected [false] but found [true]
at com.spacetest.demoblaze.tests.CategoryMenuTest.testPrevButtonHiddenOnFirstPage(CategoryMenuTest.java:105)
at java.base/java.util.ArrayList.forEach(ArrayList.java:1604)
... Removed 32 stack frames]]>
    </failure>
  </testcase> <!-- testPrevButtonHiddenOnFirstPage -->
  <testcase classname="com.spacetest.demoblaze.tests.ContactModalTest" name="testCloseButton" time="1.498"/>
  <testcase classname="com.spacetest.demoblaze.tests.ContactModalTest" name="testContactModalUI" time="1.503"/>
  <testcase classname="com.spacetest.demoblaze.tests.ContactModalTest" name="testValidContactForm" time="2.316"/>
  <testcase classname="com.spacetest.demoblaze.tests.FooterTest" name="testFooterInformationIsCorrect" time="0.449"/>
  <testcase classname="com.spacetest.demoblaze.tests.LoginPageTest" name="testInvalidLogin" time="2.221"/>
  <testcase classname="com.spacetest.demoblaze.tests.LoginPageTest" name="testInvalidLogin" time="2.265">
    <failure type="java.lang.AssertionError" message="expected [User does not exist.] but found [Wrong password.]">
      <![CDATA[java.lang.AssertionError: expected [User does not exist.] but found [Wrong password.]
at com.spacetest.demoblaze.tests.LoginPageTest.testInvalidLogin(LoginPageTest.java:34)
at java.base/java.util.ArrayList.forEach(ArrayList.java:1604)
... Removed 35 stack frames]]>
    </failure>
  </testcase> <!-- testInvalidLogin -->
  <testcase classname="com.spacetest.demoblaze.tests.LoginPageTest" name="testLoginModalResponsive" time="1.815"/>
  <testcase classname="com.spacetest.demoblaze.tests.LoginPageTest" name="testLoginWithEmptyFields" time="1.166"/>
  <testcase classname="com.spacetest.demoblaze.tests.LoginPageTest" name="testLoginWithEmptyFields" time="1.212"/>
  <testcase classname="com.spacetest.demoblaze.tests.LoginPageTest" name="testLoginWithEmptyFields" time="1.164"/>
  <testcase classname="com.spacetest.demoblaze.tests.LoginPageTest" name="testPasswordMasking" time="1.386"/>
  <testcase classname="com.spacetest.demoblaze.tests.LoginPageTest" name="testSessionPersistence" time="4.746"/>
  <testcase classname="com.spacetest.demoblaze.tests.LoginPageTest" name="testCloseButton" time="1.411"/>
  <testcase classname="com.spacetest.demoblaze.tests.LoginPageTest" name="testLoginButtonDisabled" time="1.691"/>
  <testcase classname="com.spacetest.demoblaze.tests.LoginPageTest" name="testLoginModalUI" time="1.463"/>
  <testcase classname="com.spacetest.demoblaze.tests.LoginPageTest" name="testLogout" time="7.52"/>
  <testcase classname="com.spacetest.demoblaze.tests.LoginPageTest" name="testValidLogin" time="3.038"/>
  <testcase classname="com.spacetest.demoblaze.tests.NavigationBarTest" name="testAboutUsLink" time="1.477"/>
  <testcase classname="com.spacetest.demoblaze.tests.NavigationBarTest" name="testCartLink" time="0.944"/>
  <testcase classname="com.spacetest.demoblaze.tests.NavigationBarTest" name="testContactLink" time="1.409"/>
  <testcase classname="com.spacetest.demoblaze.tests.NavigationBarTest" name="testHomeLink" time="0.589"/>
  <testcase classname="com.spacetest.demoblaze.tests.NavigationBarTest" name="testLoginLink" time="0.801"/>
  <testcase classname="com.spacetest.demoblaze.tests.NavigationBarTest" name="testLogoLink" time="2.25"/>
  <testcase classname="com.spacetest.demoblaze.tests.NavigationBarTest" name="testSignupLink" time="0.808"/>
  <testcase classname="com.spacetest.demoblaze.tests.PlaceOrderTest" name="testCartIsEmptyAfterOrder" time="18.284"/>
  <testcase classname="com.spacetest.demoblaze.tests.PlaceOrderTest" name="testCloseButtonOnPlaceOrderModal" time="6.325"/>
  <testcase classname="com.spacetest.demoblaze.tests.PlaceOrderTest" name="testInvalidOrderEmptyFields" time="4.874"/>
  <testcase classname="com.spacetest.demoblaze.tests.PlaceOrderTest" name="testMultipleOrders" time="13.71"/>
  <testcase classname="com.spacetest.demoblaze.tests.PlaceOrderTest" name="testOrderWithEmptyCart" time="1.431"/>
  <testcase classname="com.spacetest.demoblaze.tests.PlaceOrderTest" name="testPurchaseConfirmationDetails" time="8.841"/>
  <testcase classname="com.spacetest.demoblaze.tests.PlaceOrderTest" name="testValidOrder" time="8.407"/>
  <testcase classname="com.spacetest.demoblaze.tests.ProductPageTest" name="testAddToCart" time="4.774"/>
  <testcase classname="com.spacetest.demoblaze.tests.ProductPageTest" name="testNavBetweenProducts" time="6.576"/>
  <testcase classname="com.spacetest.demoblaze.tests.ProductPageTest" name="testNavToHomeFromProductPage" time="2.849"/>
  <testcase classname="com.spacetest.demoblaze.tests.ProductPageTest" name="testProductDetailsAreCorrect" time="2.598"/>
  <testcase classname="com.spacetest.demoblaze.tests.ProductPageTest" name="testProductPageRefresh" time="3.268"/>
  <testcase classname="com.spacetest.demoblaze.tests.ProductSliderTest" name="testCarouselArrowNavigation" time="2.482"/>
  <testcase classname="com.spacetest.demoblaze.tests.ProductSliderTest" name="testCarouselAutoSlide" time="5.871"/>
  <testcase classname="com.spacetest.demoblaze.tests.ResponsiveLayoutTest" name="testLayoutAdjustsOnResize" time="0.13"/>
  <testcase classname="com.spacetest.demoblaze.tests.ResponsiveLayoutTest" name="testProductsLayoutOnMobile" time="2.152"/>
  <testcase classname="com.spacetest.demoblaze.tests.SignupPageTest" name="testCloseButton" time="1.388"/>
  <testcase classname="com.spacetest.demoblaze.tests.SignupPageTest" name="testInvalidSignup" time="2.044"/>
  <testcase classname="com.spacetest.demoblaze.tests.SignupPageTest" name="testInvalidSignup" time="0.967"/>
  <testcase classname="com.spacetest.demoblaze.tests.SignupPageTest" name="testInvalidSignup" time="1.045"/>
  <testcase classname="com.spacetest.demoblaze.tests.SignupPageTest" name="testInvalidSignup" time="1.055"/>
  <testcase classname="com.spacetest.demoblaze.tests.SignupPageTest" name="testSignupModalUI" time="1.455"/>
  <testcase classname="com.spacetest.demoblaze.tests.SignupPageTest" name="testValidSignup" time="2.169"/>
  <testcase classname="com.spacetest.demoblaze.tests.LoginPageTest" name="testValidLoginWithNewUser" time="3.433"/>
</testsuite> <!-- UI Tests (All) -->
